TN:
SF:src\features\auth\components\RouteGuards.tsx
FN:5,GuardLoading
FN:13,ProtectedRoute
FN:29,AuthRoute
FNF:3
FNH:3
FNDA:1,GuardLoading
FNDA:3,ProtectedRoute
FNDA:1,AuthRoute
DA:2,1
DA:3,1
DA:6,1
DA:13,1
DA:14,3
DA:15,3
DA:17,3
DA:18,1
DA:21,2
DA:22,1
DA:23,1
DA:26,1
DA:29,1
DA:30,1
DA:32,1
DA:33,0
DA:36,1
DA:37,1
DA:40,0
LF:19
LH:17
BRDA:17,0,0,1
BRDA:17,0,1,2
BRDA:21,1,0,1
BRDA:21,1,1,1
BRDA:32,2,0,0
BRDA:32,2,1,1
BRDA:36,3,0,1
BRDA:36,3,1,0
BRF:8
BRH:6
end_of_record
TN:
SF:src\lib\internationalResources.ts
FN:145,(anonymous_0)
FN:146,(anonymous_1)
FNF:2
FNH:2
FNDA:2,(anonymous_0)
FNDA:9,(anonymous_1)
DA:24,1
DA:139,1
DA:145,1
DA:146,9
LF:4
LH:4
BRF:0
BRH:0
end_of_record
TN:
SF:src\lib\recommendationEngine.ts
FN:20,(anonymous_0)
FN:22,scoreService
FN:35,(anonymous_2)
FN:47,recommendServices
FN:53,(anonymous_4)
FN:54,(anonymous_5)
FNF:6
FNH:6
FNDA:37,(anonymous_0)
FNDA:5,scoreService
FNDA:7,(anonymous_2)
FNDA:1,recommendServices
FNDA:3,(anonymous_4)
FNDA:3,(anonymous_5)
DA:20,37
DA:22,1
DA:23,5
DA:24,5
DA:25,5
DA:27,5
DA:29,5
DA:30,4
DA:33,5
DA:35,7
DA:37,5
DA:38,5
DA:40,5
DA:41,2
DA:44,5
DA:47,1
DA:52,1
DA:53,3
DA:54,3
LF:19
LH:19
BRDA:29,0,0,4
BRDA:29,0,1,1
BRDA:40,1,0,2
BRDA:40,1,1,3
BRDA:40,2,0,5
BRDA:40,2,1,5
BRDA:50,3,0,0
BRF:7
BRH:6
end_of_record
